[26-Oct-2021 15:58:12 UTC] PHP Deprecated:  Required parameter $custom_class follows optional parameter $enable_custom_class in /home/baducvna/public_html/wp-content/plugins/convertplug/modules/modules-functions.php on line 1322
[26-Oct-2021 15:58:12 UTC] PHP Deprecated:  Required parameter $style_id follows optional parameter $enable_custom_class in /home/baducvna/public_html/wp-content/plugins/convertplug/modules/modules-functions.php on line 1322
[26-Oct-2021 15:58:12 UTC] PHP Deprecated:  Required parameter $subscriber follows optional parameter $contacts_option in /home/baducvna/public_html/wp-content/plugins/convertplug/admin/ajax-actions.php on line 1225
[26-Oct-2021 15:58:12 UTC] PHP Warning:  Trying to access array offset on value of type bool in /home/baducvna/public_html/wp-content/plugins/convertplug/classes/class-convert-plug.php on line 109
[26-Oct-2021 15:58:12 UTC] PHP Warning:  The magic method The7PT_Core::__wakeup() must have public visibility in /home/baducvna/public_html/wp-content/plugins/dt-the7-core/dt-the7-core.php on line 85
[26-Oct-2021 15:58:12 UTC] PHP Warning:  The magic method GW_GoPricing_Elementor::__wakeup() must have public visibility in /home/baducvna/public_html/wp-content/plugins/go_pricing/includes/vendors/elementor/class-elementor.php on line 46
[26-Oct-2021 15:58:12 UTC] PHP Warning:  The magic method Vc_Manager::__wakeup() must have public visibility in /home/baducvna/public_html/wp-content/plugins/js_composer/include/classes/core/class-vc-manager.php on line 205
[26-Oct-2021 15:58:12 UTC] PHP Deprecated:  Required parameter $width follows optional parameter $attach_id in /home/baducvna/public_html/wp-content/plugins/js_composer/include/helpers/helpers.php on line 366
[26-Oct-2021 15:58:12 UTC] PHP Deprecated:  Required parameter $height follows optional parameter $attach_id in /home/baducvna/public_html/wp-content/plugins/js_composer/include/helpers/helpers.php on line 366
[26-Oct-2021 15:58:12 UTC] PHP Deprecated:  Required parameter $slide follows optional parameter $blank in /home/baducvna/public_html/wp-content/plugins/revslider/admin/includes/plugin-update.class.php on line 2976
[26-Oct-2021 15:58:12 UTC] PHP Deprecated:  Required parameter $slider follows optional parameter $blank in /home/baducvna/public_html/wp-content/plugins/revslider/admin/includes/plugin-update.class.php on line 2976
[26-Oct-2021 15:58:12 UTC] PHP Deprecated:  Required parameter $access_token follows optional parameter $item_count in /home/baducvna/public_html/wp-content/plugins/revslider/includes/external-sources.class.php on line 68
[26-Oct-2021 15:58:12 UTC] PHP Deprecated:  Required parameter $access_token follows optional parameter $item_count in /home/baducvna/public_html/wp-content/plugins/revslider/includes/external-sources.class.php on line 85
[26-Oct-2021 15:58:12 UTC] PHP Deprecated:  Required parameter $current_photoset follows optional parameter $item_count in /home/baducvna/public_html/wp-content/plugins/revslider/includes/external-sources.class.php on line 1431
[26-Oct-2021 15:58:12 UTC] PHP Warning:  The magic method Presscore_Config::__wakeup() must have public visibility in /home/baducvna/public_html/wp-content/themes/dt-the7/inc/classes/template-config/presscore-config.class.php on line 32
[26-Oct-2021 15:58:12 UTC] PHP Deprecated:  Required parameter $args follows optional parameter $depth in /home/baducvna/public_html/wp-content/themes/dt-the7/inc/widgets/custom-menu/widgets-custom-menu.class.php on line 34
[26-Oct-2021 15:58:12 UTC] PHP Deprecated:  Required parameter $output follows optional parameter $depth in /home/baducvna/public_html/wp-content/themes/dt-the7/inc/widgets/custom-menu/widgets-custom-menu.class.php on line 34
[26-Oct-2021 15:58:12 UTC] PHP Deprecated:  Required parameter $tag follows optional parameter $content in /home/baducvna/public_html/wp-content/plugins/Ultimate_VC_Addons/modules/ultimate_carousel.php on line 924
[26-Oct-2021 15:58:13 UTC] PHP Deprecated:  Required parameter $shortcode_adapter follows optional parameter $data in /home/baducvna/public_html/wp-content/themes/dt-the7/inc/mods/compatibility/elementor/class-the7-elementor-shortcode-widget-base.php on line 17
[26-Oct-2021 15:58:14 UTC] PHP Fatal error:  Uncaught Error: Unknown named parameter $id in /home/baducvna/public_html/wp-content/plugins/elementor/core/dynamic-tags/manager.php:123
Stack trace:
#0 /home/baducvna/public_html/wp-content/plugins/elementor/core/dynamic-tags/manager.php(123): call_user_func_array()
#1 /home/baducvna/public_html/wp-content/plugins/elementor/core/dynamic-tags/manager.php(88): Elementor\Core\DynamicTags\Manager->parse_tag_text()
#2 [internal function]: Elementor\Core\DynamicTags\Manager->Elementor\Core\DynamicTags\{closure}()
#3 /home/baducvna/public_html/wp-content/plugins/elementor/core/dynamic-tags/manager.php(87): preg_replace_callback()
#4 /home/baducvna/public_html/wp-content/plugins/elementor/includes/controls/base-data.php(81): Elementor\Core\DynamicTags\Manager->parse_tags_text()
#5 /home/baducvna/public_html/wp-content/plugins/elementor/includes/base/controls-stack.php(1200): Elementor\Base_Data_Control->parse_tags()
#6 /home/baducvna/public_html/wp-content/plugins/elementor/includes/base/controls-stack.php(1055): Elementor\Controls_Stack->parse_dynamic_settings()
#7 /home/baducvna/public_html/wp-content/plugins/elementor/core/files/css/post.php(290): Elementor\Controls_Stack->get_parsed_dynamic_settings()
#8 /home/baducvna/public_html/wp-content/plugins/elementor/core/dynamic-tags/dynamic-css.php(112): Elementor\Core\Files\CSS\Post->render_styles()
#9 /home/baducvna/public_html/wp-content/plugins/elementor/core/files/css/post.php(290): Elementor\Core\DynamicTags\Dynamic_CSS->add_controls_stack_style_rules()
#10 /home/baducvna/public_html/wp-content/plugins/elementor/core/dynamic-tags/dynamic-css.php(112): Elementor\Core\Files\CSS\Post->render_styles()
#11 /home/baducvna/public_html/wp-content/plugins/elementor/core/files/css/post.php(290): Elementor\Core\DynamicTags\Dynamic_CSS->add_controls_stack_style_rules()
#12 /home/baducvna/public_html/wp-content/plugins/elementor/core/files/css/post.php(172): Elementor\Core\Files\CSS\Post->render_styles()
#13 /home/baducvna/public_html/wp-content/plugins/elementor/core/files/css/base.php(596): Elementor\Core\Files\CSS\Post->render_css()
#14 /home/baducvna/public_html/wp-content/plugins/elementor/core/files/base.php(141): Elementor\Core\Files\CSS\Base->parse_content()
#15 /home/baducvna/public_html/wp-content/plugins/elementor/core/dynamic-tags/dynamic-css.php(69): Elementor\Core\Files\Base->get_content()
#16 /home/baducvna/public_html/wp-content/plugins/elementor/core/files/css/base.php(191): Elementor\Core\DynamicTags\Dynamic_CSS->get_meta()
#17 /home/baducvna/public_html/wp-content/plugins/elementor/core/files/css/post.php(193): Elementor\Core\Files\CSS\Base->enqueue()
#18 /home/baducvna/public_html/wp-content/plugins/elementor/core/dynamic-tags/manager.php(446): Elementor\Core\Files\CSS\Post->enqueue()
#19 /home/baducvna/public_html/wp-includes/class-wp-hook.php(303): Elementor\Core\DynamicTags\Manager->after_enqueue_post_css()
#20 /home/baducvna/public_html/wp-includes/class-wp-hook.php(327): WP_Hook->apply_filters()
#21 /home/baducvna/public_html/wp-includes/plugin.php(470): WP_Hook->do_action()
#22 /home/baducvna/public_html/wp-content/plugins/elementor/core/files/css/base.php(260): do_action()
#23 /home/baducvna/public_html/wp-content/plugins/elementor/core/files/css/post.php(193): Elementor\Core\Files\CSS\Base->enqueue()
#24 /home/baducvna/public_html/wp-content/plugins/elementor/includes/frontend.php(602): Elementor\Core\Files\CSS\Post->enqueue()
#25 /home/baducvna/public_html/wp-content/plugins/dt-the7-core/mods/pro-elements/modules/theme-builder/classes/locations-manager.php(90): Elementor\Frontend->enqueue_styles()
#26 /home/baducvna/public_html/wp-includes/class-wp-hook.php(303): ElementorPro\Modules\ThemeBuilder\Classes\Locations_Manager->enqueue_styles()
#27 /home/baducvna/public_html/wp-includes/class-wp-hook.php(327): WP_Hook->apply_filters()
#28 /home/baducvna/public_html/wp-includes/plugin.php(470): WP_Hook->do_action()
#29 /home/baducvna/public_html/wp-includes/script-loader.php(2083): do_action()
#30 /home/baducvna/public_html/wp-includes/class-wp-hook.php(303): wp_enqueue_scripts()
#31 /home/baducvna/public_html/wp-includes/class-wp-hook.php(327): WP_Hook->apply_filters()
#32 /home/baducvna/public_html/wp-includes/plugin.php(470): WP_Hook->do_action()
#33 /home/baducvna/public_html/wp-includes/general-template.php(3015): do_action()
#34 /home/baducvna/public_html/wp-content/themes/dt-the7/header-single.php(25): wp_head()
#35 /home/baducvna/public_html/wp-includes/template.php(772): require('/home/baducvna/...')
#36 /home/baducvna/public_html/wp-includes/template.php(716): load_template()
#37 /home/baducvna/public_html/wp-includes/general-template.php(204): locate_template()
#38 /home/baducvna/public_html/wp-content/themes/dt-the7/header.php(12): get_template_part()
#39 /home/baducvna/public_html/wp-includes/template.php(770): require_once('/home/baducvna/...')
#40 /home/baducvna/public_html/wp-includes/template.php(716): load_template()
#41 /home/baducvna/public_html/wp-includes/general-template.php(48): locate_template()
#42 /home/baducvna/public_html/wp-content/themes/dt-the7/inc/mods/compatibility/elementor/page-templates/elementor-page.php(19): get_header()
#43 /home/baducvna/public_html/wp-includes/template-loader.php(106): include('/home/baducvna/...')
#44 /home/baducvna/public_html/wp-blog-header.php(19): require_once('/home/baducvna/...')
#45 /home/baducvna/public_html/index.php(17): require('/home/baducvna/...')
#46 {main}
  thrown in /home/baducvna/public_html/wp-content/plugins/elementor/core/dynamic-tags/manager.php on line 123
[26-Oct-2021 15:58:40 UTC] PHP Deprecated:  Required parameter $custom_class follows optional parameter $enable_custom_class in /home/baducvna/public_html/wp-content/plugins/convertplug/modules/modules-functions.php on line 1322
[26-Oct-2021 15:58:40 UTC] PHP Deprecated:  Required parameter $style_id follows optional parameter $enable_custom_class in /home/baducvna/public_html/wp-content/plugins/convertplug/modules/modules-functions.php on line 1322
[26-Oct-2021 15:58:40 UTC] PHP Deprecated:  Required parameter $subscriber follows optional parameter $contacts_option in /home/baducvna/public_html/wp-content/plugins/convertplug/admin/ajax-actions.php on line 1225
[26-Oct-2021 15:58:40 UTC] PHP Warning:  Trying to access array offset on value of type bool in /home/baducvna/public_html/wp-content/plugins/convertplug/classes/class-convert-plug.php on line 109
[26-Oct-2021 15:58:40 UTC] PHP Warning:  The magic method The7PT_Core::__wakeup() must have public visibility in /home/baducvna/public_html/wp-content/plugins/dt-the7-core/dt-the7-core.php on line 85
[26-Oct-2021 15:58:40 UTC] PHP Warning:  The magic method GW_GoPricing_Elementor::__wakeup() must have public visibility in /home/baducvna/public_html/wp-content/plugins/go_pricing/includes/vendors/elementor/class-elementor.php on line 46
[26-Oct-2021 15:58:40 UTC] PHP Warning:  The magic method Vc_Manager::__wakeup() must have public visibility in /home/baducvna/public_html/wp-content/plugins/js_composer/include/classes/core/class-vc-manager.php on line 205
[26-Oct-2021 15:58:40 UTC] PHP Deprecated:  Required parameter $width follows optional parameter $attach_id in /home/baducvna/public_html/wp-content/plugins/js_composer/include/helpers/helpers.php on line 366
[26-Oct-2021 15:58:40 UTC] PHP Deprecated:  Required parameter $height follows optional parameter $attach_id in /home/baducvna/public_html/wp-content/plugins/js_composer/include/helpers/helpers.php on line 366
[26-Oct-2021 15:58:40 UTC] PHP Deprecated:  Required parameter $slide follows optional parameter $blank in /home/baducvna/public_html/wp-content/plugins/revslider/admin/includes/plugin-update.class.php on line 2976
[26-Oct-2021 15:58:40 UTC] PHP Deprecated:  Required parameter $slider follows optional parameter $blank in /home/baducvna/public_html/wp-content/plugins/revslider/admin/includes/plugin-update.class.php on line 2976
[26-Oct-2021 15:58:40 UTC] PHP Deprecated:  Required parameter $access_token follows optional parameter $item_count in /home/baducvna/public_html/wp-content/plugins/revslider/includes/external-sources.class.php on line 68
[26-Oct-2021 15:58:40 UTC] PHP Deprecated:  Required parameter $access_token follows optional parameter $item_count in /home/baducvna/public_html/wp-content/plugins/revslider/includes/external-sources.class.php on line 85
[26-Oct-2021 15:58:40 UTC] PHP Deprecated:  Required parameter $current_photoset follows optional parameter $item_count in /home/baducvna/public_html/wp-content/plugins/revslider/includes/external-sources.class.php on line 1431
[26-Oct-2021 15:58:40 UTC] PHP Warning:  The magic method Presscore_Config::__wakeup() must have public visibility in /home/baducvna/public_html/wp-content/themes/dt-the7/inc/classes/template-config/presscore-config.class.php on line 32
[26-Oct-2021 15:58:40 UTC] PHP Deprecated:  Required parameter $args follows optional parameter $depth in /home/baducvna/public_html/wp-content/themes/dt-the7/inc/widgets/custom-menu/widgets-custom-menu.class.php on line 34
[26-Oct-2021 15:58:40 UTC] PHP Deprecated:  Required parameter $output follows optional parameter $depth in /home/baducvna/public_html/wp-content/themes/dt-the7/inc/widgets/custom-menu/widgets-custom-menu.class.php on line 34
[26-Oct-2021 15:58:40 UTC] PHP Deprecated:  Required parameter $tag follows optional parameter $content in /home/baducvna/public_html/wp-content/plugins/Ultimate_VC_Addons/modules/ultimate_carousel.php on line 924
[26-Oct-2021 15:58:40 UTC] PHP Deprecated:  Required parameter $shortcode_adapter follows optional parameter $data in /home/baducvna/public_html/wp-content/themes/dt-the7/inc/mods/compatibility/elementor/class-the7-elementor-shortcode-widget-base.php on line 17
[26-Oct-2021 15:58:41 UTC] PHP Deprecated:  Required parameter $custom_class follows optional parameter $enable_custom_class in /home/baducvna/public_html/wp-content/plugins/convertplug/modules/modules-functions.php on line 1322
[26-Oct-2021 15:58:41 UTC] PHP Deprecated:  Required parameter $style_id follows optional parameter $enable_custom_class in /home/baducvna/public_html/wp-content/plugins/convertplug/modules/modules-functions.php on line 1322
[26-Oct-2021 15:58:41 UTC] PHP Deprecated:  Required parameter $subscriber follows optional parameter $contacts_option in /home/baducvna/public_html/wp-content/plugins/convertplug/admin/ajax-actions.php on line 1225
[26-Oct-2021 15:58:41 UTC] PHP Warning:  Trying to access array offset on value of type bool in /home/baducvna/public_html/wp-content/plugins/convertplug/classes/class-convert-plug.php on line 109
[26-Oct-2021 15:58:41 UTC] PHP Warning:  The magic method The7PT_Core::__wakeup() must have public visibility in /home/baducvna/public_html/wp-content/plugins/dt-the7-core/dt-the7-core.php on line 85
[26-Oct-2021 15:58:41 UTC] PHP Warning:  The magic method GW_GoPricing_Elementor::__wakeup() must have public visibility in /home/baducvna/public_html/wp-content/plugins/go_pricing/includes/vendors/elementor/class-elementor.php on line 46
[26-Oct-2021 15:58:41 UTC] PHP Warning:  The magic method Vc_Manager::__wakeup() must have public visibility in /home/baducvna/public_html/wp-content/plugins/js_composer/include/classes/core/class-vc-manager.php on line 205
[26-Oct-2021 15:58:41 UTC] PHP Deprecated:  Required parameter $width follows optional parameter $attach_id in /home/baducvna/public_html/wp-content/plugins/js_composer/include/helpers/helpers.php on line 366
[26-Oct-2021 15:58:41 UTC] PHP Deprecated:  Required parameter $height follows optional parameter $attach_id in /home/baducvna/public_html/wp-content/plugins/js_composer/include/helpers/helpers.php on line 366
[26-Oct-2021 15:58:41 UTC] PHP Deprecated:  Required parameter $slide follows optional parameter $blank in /home/baducvna/public_html/wp-content/plugins/revslider/admin/includes/plugin-update.class.php on line 2976
[26-Oct-2021 15:58:41 UTC] PHP Deprecated:  Required parameter $slider follows optional parameter $blank in /home/baducvna/public_html/wp-content/plugins/revslider/admin/includes/plugin-update.class.php on line 2976
[26-Oct-2021 15:58:41 UTC] PHP Deprecated:  Required parameter $access_token follows optional parameter $item_count in /home/baducvna/public_html/wp-content/plugins/revslider/includes/external-sources.class.php on line 68
[26-Oct-2021 15:58:41 UTC] PHP Deprecated:  Required parameter $access_token follows optional parameter $item_count in /home/baducvna/public_html/wp-content/plugins/revslider/includes/external-sources.class.php on line 85
[26-Oct-2021 15:58:41 UTC] PHP Deprecated:  Required parameter $current_photoset follows optional parameter $item_count in /home/baducvna/public_html/wp-content/plugins/revslider/includes/external-sources.class.php on line 1431
[26-Oct-2021 15:58:41 UTC] PHP Warning:  The magic method Presscore_Config::__wakeup() must have public visibility in /home/baducvna/public_html/wp-content/themes/dt-the7/inc/classes/template-config/presscore-config.class.php on line 32
[26-Oct-2021 15:58:41 UTC] PHP Deprecated:  Required parameter $args follows optional parameter $depth in /home/baducvna/public_html/wp-content/themes/dt-the7/inc/widgets/custom-menu/widgets-custom-menu.class.php on line 34
[26-Oct-2021 15:58:41 UTC] PHP Deprecated:  Required parameter $output follows optional parameter $depth in /home/baducvna/public_html/wp-content/themes/dt-the7/inc/widgets/custom-menu/widgets-custom-menu.class.php on line 34
[26-Oct-2021 15:58:41 UTC] PHP Deprecated:  Required parameter $tag follows optional parameter $content in /home/baducvna/public_html/wp-content/plugins/Ultimate_VC_Addons/modules/ultimate_carousel.php on line 924
[26-Oct-2021 15:58:41 UTC] PHP Deprecated:  Required parameter $shortcode_adapter follows optional parameter $data in /home/baducvna/public_html/wp-content/themes/dt-the7/inc/mods/compatibility/elementor/class-the7-elementor-shortcode-widget-base.php on line 17
[26-Oct-2021 15:58:41 UTC] PHP Fatal error:  Uncaught Error: Unknown named parameter $id in /home/baducvna/public_html/wp-content/plugins/elementor/core/dynamic-tags/manager.php:123
Stack trace:
#0 /home/baducvna/public_html/wp-content/plugins/elementor/core/dynamic-tags/manager.php(123): call_user_func_array()
#1 /home/baducvna/public_html/wp-content/plugins/elementor/core/dynamic-tags/manager.php(88): Elementor\Core\DynamicTags\Manager->parse_tag_text()
#2 [internal function]: Elementor\Core\DynamicTags\Manager->Elementor\Core\DynamicTags\{closure}()
#3 /home/baducvna/public_html/wp-content/plugins/elementor/core/dynamic-tags/manager.php(87): preg_replace_callback()
#4 /home/baducvna/public_html/wp-content/plugins/elementor/includes/controls/base-data.php(81): Elementor\Core\DynamicTags\Manager->parse_tags_text()
#5 /home/baducvna/public_html/wp-content/plugins/elementor/includes/base/controls-stack.php(1200): Elementor\Base_Data_Control->parse_tags()
#6 /home/baducvna/public_html/wp-content/plugins/elementor/includes/base/controls-stack.php(1055): Elementor\Controls_Stack->parse_dynamic_settings()
#7 /home/baducvna/public_html/wp-content/plugins/elementor/core/files/css/post.php(290): Elementor\Controls_Stack->get_parsed_dynamic_settings()
#8 /home/baducvna/public_html/wp-content/plugins/elementor/core/dynamic-tags/dynamic-css.php(112): Elementor\Core\Files\CSS\Post->render_styles()
#9 /home/baducvna/public_html/wp-content/plugins/elementor/core/files/css/post.php(290): Elementor\Core\DynamicTags\Dynamic_CSS->add_controls_stack_style_rules()
#10 /home/baducvna/public_html/wp-content/plugins/elementor/core/dynamic-tags/dynamic-css.php(112): Elementor\Core\Files\CSS\Post->render_styles()
#11 /home/baducvna/public_html/wp-content/plugins/elementor/core/files/css/post.php(290): Elementor\Core\DynamicTags\Dynamic_CSS->add_controls_stack_style_rules()
#12 /home/baducvna/public_html/wp-content/plugins/elementor/core/files/css/post.php(172): Elementor\Core\Files\CSS\Post->render_styles()
#13 /home/baducvna/public_html/wp-content/plugins/elementor/core/files/css/base.php(596): Elementor\Core\Files\CSS\Post->render_css()
#14 /home/baducvna/public_html/wp-content/plugins/elementor/core/files/base.php(141): Elementor\Core\Files\CSS\Base->parse_content()
#15 /home/baducvna/public_html/wp-content/plugins/elementor/core/dynamic-tags/dynamic-css.php(69): Elementor\Core\Files\Base->get_content()
#16 /home/baducvna/public_html/wp-content/plugins/elementor/core/files/css/base.php(191): Elementor\Core\DynamicTags\Dynamic_CSS->get_meta()
#17 /home/baducvna/public_html/wp-content/plugins/elementor/core/files/css/post.php(193): Elementor\Core\Files\CSS\Base->enqueue()
#18 /home/baducvna/public_html/wp-content/plugins/elementor/core/dynamic-tags/manager.php(446): Elementor\Core\Files\CSS\Post->enqueue()
#19 /home/baducvna/public_html/wp-includes/class-wp-hook.php(303): Elementor\Core\DynamicTags\Manager->after_enqueue_post_css()
#20 /home/baducvna/public_html/wp-includes/class-wp-hook.php(327): WP_Hook->apply_filters()
#21 /home/baducvna/public_html/wp-includes/plugin.php(470): WP_Hook->do_action()
#22 /home/baducvna/public_html/wp-content/plugins/elementor/core/files/css/base.php(260): do_action()
#23 /home/baducvna/public_html/wp-content/plugins/elementor/core/files/css/post.php(193): Elementor\Core\Files\CSS\Base->enqueue()
#24 /home/baducvna/public_html/wp-content/plugins/elementor/includes/frontend.php(602): Elementor\Core\Files\CSS\Post->enqueue()
#25 /home/baducvna/public_html/wp-content/plugins/dt-the7-core/mods/pro-elements/modules/theme-builder/classes/locations-manager.php(90): Elementor\Frontend->enqueue_styles()
#26 /home/baducvna/public_html/wp-includes/class-wp-hook.php(303): ElementorPro\Modules\ThemeBuilder\Classes\Locations_Manager->enqueue_styles()
#27 /home/baducvna/public_html/wp-includes/class-wp-hook.php(327): WP_Hook->apply_filters()
#28 /home/baducvna/public_html/wp-includes/plugin.php(470): WP_Hook->do_action()
#29 /home/baducvna/public_html/wp-includes/script-loader.php(2083): do_action()
#30 /home/baducvna/public_html/wp-includes/class-wp-hook.php(303): wp_enqueue_scripts()
#31 /home/baducvna/public_html/wp-includes/class-wp-hook.php(327): WP_Hook->apply_filters()
#32 /home/baducvna/public_html/wp-includes/plugin.php(470): WP_Hook->do_action()
#33 /home/baducvna/public_html/wp-includes/general-template.php(3015): do_action()
#34 /home/baducvna/public_html/wp-content/themes/dt-the7/header-single.php(25): wp_head()
#35 /home/baducvna/public_html/wp-includes/template.php(772): require('/home/baducvna/...')
#36 /home/baducvna/public_html/wp-includes/template.php(716): load_template()
#37 /home/baducvna/public_html/wp-includes/general-template.php(204): locate_template()
#38 /home/baducvna/public_html/wp-content/themes/dt-the7/header.php(12): get_template_part()
#39 /home/baducvna/public_html/wp-includes/template.php(770): require_once('/home/baducvna/...')
#40 /home/baducvna/public_html/wp-includes/template.php(716): load_template()
#41 /home/baducvna/public_html/wp-includes/general-template.php(48): locate_template()
#42 /home/baducvna/public_html/wp-content/themes/dt-the7/inc/mods/compatibility/elementor/page-templates/elementor-page.php(19): get_header()
#43 /home/baducvna/public_html/wp-includes/template-loader.php(106): include('/home/baducvna/...')
#44 /home/baducvna/public_html/wp-blog-header.php(19): require_once('/home/baducvna/...')
#45 /home/baducvna/public_html/index.php(17): require('/home/baducvna/...')
#46 {main}
  thrown in /home/baducvna/public_html/wp-content/plugins/elementor/core/dynamic-tags/manager.php on line 123
